<?xml version="1.0" encoding="UTF-8"?>
<testsuite xmlns:xsi="http://www.w3.org/2001/XMLSchema-instance" xsi:noNamespaceSchemaLocation="https://maven.apache.org/surefire/maven-surefire-plugin/xsd/surefire-test-report.xsd" name="oy.tol.tra.PhoneBookTests" time="0.576" tests="3" errors="0" skipped="0" failures="0">
  <properties>
[...]
</properties>
  <testcase name="searchPersonNotInPhoneBook" classname="oy.tol.tra.PhoneBookTests" time="0.205"/>
  <testcase name="slowPhoneBookTests" classname="oy.tol.tra.PhoneBookTests" time="0.222"/>
  <testcase name="fastPhoneBookTests" classname="oy.tol.tra.PhoneBookTests" time="0.132"/>
</testsuite>